[2017-05-17 02:19:18] local.ERROR: InvalidArgumentException: Please provide a valid cache path. in /home/vagrant/Framgia/fbook_api/vendor/laravel/framework/src/Illuminate/View/Compilers/Compiler.php:36
Stack trace:
#0 /home/vagrant/Framgia/fbook_api/vendor/laravel/framework/src/Illuminate/View/ViewServiceProvider.php(128): Illuminate\View\Compilers\Compiler->__construct(Object(Illuminate\Filesystem\Filesystem), false)
#1 /home/vagrant/Framgia/fbook_api/vendor/laravel/framework/src/Illuminate/Container/Container.php(718): Illuminate\View\ViewServiceProvider->Illuminate\View\{closure}(Object(Illuminate\Foundation\Application), Array)
#2 /home/vagrant/Framgia/fbook_api/vendor/laravel/framework/src/Illuminate/Container/Container.php(600): Illuminate\Container\Container->build(Object(Closure))
#3 /home/vagrant/Framgia/fbook_api/vendor/laravel/framework/src/Illuminate/Container/Container.php(567): Illuminate\Container\Container->resolve('blade.compiler')
#4 /home/vagrant/Framgia/fbook_api/vendor/laravel/framework/src/Illuminate/Foundation/Application.php(708): Illuminate\Container\Container->make('blade.compiler')
#5 /home/vagrant/Framgia/fbook_api/vendor/laravel/framework/src/Illuminate/Container/Container.php(1153): Illuminate\Foundation\Application->make('blade.compiler')
#6 /home/vagrant/Framgia/fbook_api/vendor/laravel/framework/src/Illuminate/View/ViewServiceProvider.php(133): Illuminate\Container\Container->offsetGet('blade.compiler')
#7 [internal function]: Illuminate\View\ViewServiceProvider->Illuminate\View\{closure}()
#8 /home/vagrant/Framgia/fbook_api/vendor/laravel/framework/src/Illuminate/View/Engines/EngineResolver.php(54): call_user_func(Object(Closure))
#9 /home/vagrant/Framgia/fbook_api/vendor/laravel/framework/src/Illuminate/View/Factory.php(263): Illuminate\View\Engines\EngineResolver->resolve('blade')
#10 /home/vagrant/Framgia/fbook_api/vendor/laravel/framework/src/Illuminate/View/Factory.php(227): Illuminate\View\Factory->getEngineFromPath('/home/vagrant/F...')
#11 /home/vagrant/Framgia/fbook_api/vendor/laravel/framework/src/Illuminate/View/Factory.php(136): Illuminate\View\Factory->viewInstance('welcome', '/home/vagrant/F...', Array)
#12 /home/vagrant/Framgia/fbook_api/vendor/laravel/framework/src/Illuminate/Foundation/helpers.php(921): Illuminate\View\Factory->make('welcome', Array, Array)
#13 /home/vagrant/Framgia/fbook_api/routes/web.php(15): view('welcome')
#14 /home/vagrant/Framgia/fbook_api/vendor/laravel/framework/src/Illuminate/Routing/Route.php(189): Illuminate\Routing\Router->{closure}()
#15 /home/vagrant/Framgia/fbook_api/vendor/laravel/framework/src/Illuminate/Routing/Route.php(163): Illuminate\Routing\Route->runCallable()
#16 /home/vagrant/Framgia/fbook_api/vendor/laravel/framework/src/Illuminate/Routing/Router.php(559): Illuminate\Routing\Route->run()
#17 /home/vagrant/Framgia/fbook_api/vendor/laravel/framework/src/Illuminate/Routing/Pipeline.php(30): Illuminate\Routing\Router->Illuminate\Routing\{closure}(Object(Illuminate\Http\Request))
#18 /home/vagrant/Framgia/fbook_api/vendor/laravel/framework/src/Illuminate/Routing/Middleware/SubstituteBindings.php(41): Illuminate\Routing\Pipeline->Illuminate\Routing\{closure}(Object(Illuminate\Http\Request))
#19 /home/vagrant/Framgia/fbook_api/vendor/laravel/framework/src/Illuminate/Pipeline/Pipeline.php(148): Illuminate\Routing\Middleware\SubstituteBindings->handle(Object(Illuminate\Http\Request), Object(Closure))
#20 /home/vagrant/Framgia/fbook_api/vendor/laravel/framework/src/Illuminate/Routing/Pipeline.php(53): Illuminate\Pipeline\Pipeline->Illuminate\Pipeline\{closure}(Object(Illuminate\Http\Request))
#21 /home/vagrant/Framgia/fbook_api/vendor/laravel/framework/src/Illuminate/Foundation/Http/Middleware/VerifyCsrfToken.php(65): Illuminate\Routing\Pipeline->Illuminate\Routing\{closure}(Object(Illuminate\Http\Request))
#22 /home/vagrant/Framgia/fbook_api/vendor/laravel/framework/src/Illuminate/Pipeline/Pipeline.php(148): Illuminate\Foundation\Http\Middleware\VerifyCsrfToken->handle(Object(Illuminate\Http\Request), Object(Closure))
#23 /home/vagrant/Framgia/fbook_api/vendor/laravel/framework/src/Illuminate/Routing/Pipeline.php(53): Illuminate\Pipeline\Pipeline->Illuminate\Pipeline\{closure}(Object(Illuminate\Http\Request))
#24 /home/vagrant/Framgia/fbook_api/vendor/laravel/framework/src/Illuminate/View/Middleware/ShareErrorsFromSession.php(49): Illuminate\Routing\Pipeline->Illuminate\Routing\{closure}(Object(Illuminate\Http\Request))
#25 /home/vagrant/Framgia/fbook_api/vendor/laravel/framework/src/Illuminate/Pipeline/Pipeline.php(148): Illuminate\View\Middleware\ShareErrorsFromSession->handle(Object(Illuminate\Http\Request), Object(Closure))
#26 /home/vagrant/Framgia/fbook_api/vendor/laravel/framework/src/Illuminate/Routing/Pipeline.php(53): Illuminate\Pipeline\Pipeline->Illuminate\Pipeline\{closure}(Object(Illuminate\Http\Request))
#27 /home/vagrant/Framgia/fbook_api/vendor/laravel/framework/src/Illuminate/Session/Middleware/StartSession.php(64): Illuminate\Routing\Pipeline->Illuminate\Routing\{closure}(Object(Illuminate\Http\Request))
#28 /home/vagrant/Framgia/fbook_api/vendor/laravel/framework/src/Illuminate/Pipeline/Pipeline.php(148): Illuminate\Session\Middleware\StartSession->handle(Object(Illuminate\Http\Request), Object(Closure))
#29 /home/vagrant/Framgia/fbook_api/vendor/laravel/framework/src/Illuminate/Routing/Pipeline.php(53): Illuminate\Pipeline\Pipeline->Illuminate\Pipeline\{closure}(Object(Illuminate\Http\Request))
#30 /home/vagrant/Framgia/fbook_api/vendor/laravel/framework/src/Illuminate/Cookie/Middleware/AddQueuedCookiesToResponse.php(37): Illuminate\Routing\Pipeline->Illuminate\Routing\{closure}(Object(Illuminate\Http\Request))
#31 /home/vagrant/Framgia/fbook_api/vendor/laravel/framework/src/Illuminate/Pipeline/Pipeline.php(148): Illuminate\Cookie\Middleware\AddQueuedCookiesToResponse->handle(Object(Illuminate\Http\Request), Object(Closure))
#32 /home/vagrant/Framgia/fbook_api/vendor/laravel/framework/src/Illuminate/Routing/Pipeline.php(53): Illuminate\Pipeline\Pipeline->Illuminate\Pipeline\{closure}(Object(Illuminate\Http\Request))
#33 /home/vagrant/Framgia/fbook_api/vendor/laravel/framework/src/Illuminate/Cookie/Middleware/EncryptCookies.php(59): Illuminate\Routing\Pipeline->Illuminate\Routing\{closure}(Object(Illuminate\Http\Request))
#34 /home/vagrant/Framgia/fbook_api/vendor/laravel/framework/src/Illuminate/Pipeline/Pipeline.php(148): Illuminate\Cookie\Middleware\EncryptCookies->handle(Object(Illuminate\Http\Request), Object(Closure))
#35 /home/vagrant/Framgia/fbook_api/vendor/laravel/framework/src/Illuminate/Routing/Pipeline.php(53): Illuminate\Pipeline\Pipeline->Illuminate\Pipeline\{closure}(Object(Illuminate\Http\Request))
#36 /home/vagrant/Framgia/fbook_api/vendor/laravel/framework/src/Illuminate/Pipeline/Pipeline.php(102): Illuminate\Routing\Pipeline->Illuminate\Routing\{closure}(Object(Illuminate\Http\Request))
#37 /home/vagrant/Framgia/fbook_api/vendor/laravel/framework/src/Illuminate/Routing/Router.php(561): Illuminate\Pipeline\Pipeline->then(Object(Closure))
#38 /home/vagrant/Framgia/fbook_api/vendor/laravel/framework/src/Illuminate/Routing/Router.php(520): Illuminate\Routing\Router->runRouteWithinStack(Object(Illuminate\Routing\Route), Object(Illuminate\Http\Request))
#39 /home/vagrant/Framgia/fbook_api/vendor/laravel/framework/src/Illuminate/Routing/Router.php(498): Illuminate\Routing\Router->dispatchToRoute(Object(Illuminate\Http\Request))
#40 /home/vagrant/Framgia/fbook_api/vendor/laravel/framework/src/Illuminate/Foundation/Http/Kernel.php(174): Illuminate\Routing\Router->dispatch(Object(Illuminate\Http\Request))
#41 /home/vagrant/Framgia/fbook_api/vendor/laravel/framework/src/Illuminate/Routing/Pipeline.php(30): Illuminate\Foundation\Http\Kernel->Illuminate\Foundation\Http\{closure}(Object(Illuminate\Http\Request))
#42 /home/vagrant/Framgia/fbook_api/vendor/barryvdh/laravel-debugbar/src/Middleware/Debugbar.php(51): Illuminate\Routing\Pipeline->Illuminate\Routing\{closure}(Object(Illuminate\Http\Request))
#43 /home/vagrant/Framgia/fbook_api/vendor/laravel/framework/src/Illuminate/Pipeline/Pipeline.php(148): Barryvdh\Debugbar\Middleware\Debugbar->handle(Object(Illuminate\Http\Request), Object(Closure))
#44 /home/vagrant/Framgia/fbook_api/vendor/laravel/framework/src/Illuminate/Routing/Pipeline.php(53): Illuminate\Pipeline\Pipeline->Illuminate\Pipeline\{closure}(Object(Illuminate\Http\Request))
#45 /home/vagrant/Framgia/fbook_api/vendor/laravel/framework/src/Illuminate/Foundation/Http/Middleware/TransformsRequest.php(30): Illuminate\Routing\Pipeline->Illuminate\Routing\{closure}(Object(Illuminate\Http\Request))
#46 /home/vagrant/Framgia/fbook_api/vendor/laravel/framework/src/Illuminate/Pipeline/Pipeline.php(148): Illuminate\Foundation\Http\Middleware\TransformsRequest->handle(Object(Illuminate\Http\Request), Object(Closure))
#47 /home/vagrant/Framgia/fbook_api/vendor/laravel/framework/src/Illuminate/Routing/Pipeline.php(53): Illuminate\Pipeline\Pipeline->Illuminate\Pipeline\{closure}(Object(Illuminate\Http\Request))
#48 /home/vagrant/Framgia/fbook_api/vendor/laravel/framework/src/Illuminate/Foundation/Http/Middleware/TransformsRequest.php(30): Illuminate\Routing\Pipeline->Illuminate\Routing\{closure}(Object(Illuminate\Http\Request))
#49 /home/vagrant/Framgia/fbook_api/vendor/laravel/framework/src/Illuminate/Pipeline/Pipeline.php(148): Illuminate\Foundation\Http\Middleware\TransformsRequest->handle(Object(Illuminate\Http\Request), Object(Closure))
#50 /home/vagrant/Framgia/fbook_api/vendor/laravel/framework/src/Illuminate/Routing/Pipeline.php(53): Illuminate\Pipeline\Pipeline->Illuminate\Pipeline\{closure}(Object(Illuminate\Http\Request))
#51 /home/vagrant/Framgia/fbook_api/vendor/laravel/framework/src/Illuminate/Foundation/Http/Middleware/ValidatePostSize.php(27): Illuminate\Routing\Pipeline->Illuminate\Routing\{closure}(Object(Illuminate\Http\Request))
#52 /home/vagrant/Framgia/fbook_api/vendor/laravel/framework/src/Illuminate/Pipeline/Pipeline.php(148): Illuminate\Foundation\Http\Middleware\ValidatePostSize->handle(Object(Illuminate\Http\Request), Object(Closure))
#53 /home/vagrant/Framgia/fbook_api/vendor/laravel/framework/src/Illuminate/Routing/Pipeline.php(53): Illuminate\Pipeline\Pipeline->Illuminate\Pipeline\{closure}(Object(Illuminate\Http\Request))
#54 /home/vagrant/Framgia/fbook_api/vendor/laravel/framework/src/Illuminate/Foundation/Http/Middleware/CheckForMaintenanceMode.php(46): Illuminate\Routing\Pipeline->Illuminate\Routing\{closure}(Object(Illuminate\Http\Request))
#55 /home/vagrant/Framgia/fbook_api/vendor/laravel/framework/src/Illuminate/Pipeline/Pipeline.php(148): Illuminate\Foundation\Http\Middleware\CheckForMaintenanceMode->handle(Object(Illuminate\Http\Request), Object(Closure))
#56 /home/vagrant/Framgia/fbook_api/vendor/laravel/framework/src/Illuminate/Routing/Pipeline.php(53): Illuminate\Pipeline\Pipeline->Illuminate\Pipeline\{closure}(Object(Illuminate\Http\Request))
#57 /home/vagrant/Framgia/fbook_api/vendor/laravel/framework/src/Illuminate/Pipeline/Pipeline.php(102): Illuminate\Routing\Pipeline->Illuminate\Routing\{closure}(Object(Illuminate\Http\Request))
#58 /home/vagrant/Framgia/fbook_api/vendor/laravel/framework/src/Illuminate/Foundation/Http/Kernel.php(149): Illuminate\Pipeline\Pipeline->then(Object(Closure))
#59 /home/vagrant/Framgia/fbook_api/vendor/laravel/framework/src/Illuminate/Foundation/Http/Kernel.php(116): Illuminate\Foundation\Http\Kernel->sendRequestThroughRouter(Object(Illuminate\Http\Request))
#60 /home/vagrant/Framgia/fbook_api/public/index.php(53): Illuminate\Foundation\Http\Kernel->handle(Object(Illuminate\Http\Request))
#61 {main}  
[2017-05-17 02:19:18] local.ERROR: ErrorException: file_put_contents(/home/vagrant/Framgia/fbook_api/storage/framework/sessions/uvVBdFZhmlmcuxjjIaYUeIqLOLbG0EhVgqpuIXcq): failed to open stream: No such file or directory in /home/vagrant/Framgia/fbook_api/vendor/laravel/framework/src/Illuminate/Filesystem/Filesystem.php:111
Stack trace:
#0 [internal function]: Illuminate\Foundation\Bootstrap\HandleExceptions->handleError(2, 'file_put_conten...', '/home/vagrant/F...', 111, Array)
#1 /home/vagrant/Framgia/fbook_api/vendor/laravel/framework/src/Illuminate/Filesystem/Filesystem.php(111): file_put_contents('/home/vagrant/F...', 'a:4:{s:6:"_toke...', 2)
#2 /home/vagrant/Framgia/fbook_api/vendor/laravel/framework/src/Illuminate/Session/FileSessionHandler.php(83): Illuminate\Filesystem\Filesystem->put('/home/vagrant/F...', 'a:4:{s:6:"_toke...', true)
#3 /home/vagrant/Framgia/fbook_api/vendor/laravel/framework/src/Illuminate/Session/Store.php(128): Illuminate\Session\FileSessionHandler->write('uvVBdFZhmlmcuxj...', 'a:4:{s:6:"_toke...')
#4 /home/vagrant/Framgia/fbook_api/vendor/laravel/framework/src/Illuminate/Session/Middleware/StartSession.php(88): Illuminate\Session\Store->save()
#5 /home/vagrant/Framgia/fbook_api/vendor/laravel/framework/src/Illuminate/Foundation/Http/Kernel.php(216): Illuminate\Session\Middleware\StartSession->terminate(Object(Illuminate\Http\Request), Object(Illuminate\Http\Response))
#6 /home/vagrant/Framgia/fbook_api/vendor/laravel/framework/src/Illuminate/Foundation/Http/Kernel.php(187): Illuminate\Foundation\Http\Kernel->terminateMiddleware(Object(Illuminate\Http\Request), Object(Illuminate\Http\Response))
#7 /home/vagrant/Framgia/fbook_api/public/index.php(58): Illuminate\Foundation\Http\Kernel->terminate(Object(Illuminate\Http\Request), Object(Illuminate\Http\Response))
#8 {main}  
[2017-05-17 02:19:46] local.ERROR: InvalidArgumentException: Please provide a valid cache path. in /home/vagrant/Framgia/fbook_api/vendor/laravel/framework/src/Illuminate/View/Compilers/Compiler.php:36
Stack trace:
#0 /home/vagrant/Framgia/fbook_api/vendor/laravel/framework/src/Illuminate/View/ViewServiceProvider.php(128): Illuminate\View\Compilers\Compiler->__construct(Object(Illuminate\Filesystem\Filesystem), false)
#1 /home/vagrant/Framgia/fbook_api/vendor/laravel/framework/src/Illuminate/Container/Container.php(718): Illuminate\View\ViewServiceProvider->Illuminate\View\{closure}(Object(Illuminate\Foundation\Application), Array)
#2 /home/vagrant/Framgia/fbook_api/vendor/laravel/framework/src/Illuminate/Container/Container.php(600): Illuminate\Container\Container->build(Object(Closure))
#3 /home/vagrant/Framgia/fbook_api/vendor/laravel/framework/src/Illuminate/Container/Container.php(567): Illuminate\Container\Container->resolve('blade.compiler')
#4 /home/vagrant/Framgia/fbook_api/vendor/laravel/framework/src/Illuminate/Foundation/Application.php(708): Illuminate\Container\Container->make('blade.compiler')
#5 /home/vagrant/Framgia/fbook_api/vendor/laravel/framework/src/Illuminate/Container/Container.php(1153): Illuminate\Foundation\Application->make('blade.compiler')
#6 /home/vagrant/Framgia/fbook_api/vendor/laravel/framework/src/Illuminate/View/ViewServiceProvider.php(133): Illuminate\Container\Container->offsetGet('blade.compiler')
#7 [internal function]: Illuminate\View\ViewServiceProvider->Illuminate\View\{closure}()
#8 /home/vagrant/Framgia/fbook_api/vendor/laravel/framework/src/Illuminate/View/Engines/EngineResolver.php(54): call_user_func(Object(Closure))
#9 /home/vagrant/Framgia/fbook_api/vendor/laravel/framework/src/Illuminate/View/Factory.php(263): Illuminate\View\Engines\EngineResolver->resolve('blade')
#10 /home/vagrant/Framgia/fbook_api/vendor/laravel/framework/src/Illuminate/View/Factory.php(227): Illuminate\View\Factory->getEngineFromPath('/home/vagrant/F...')
#11 /home/vagrant/Framgia/fbook_api/vendor/laravel/framework/src/Illuminate/View/Factory.php(136): Illuminate\View\Factory->viewInstance('welcome', '/home/vagrant/F...', Array)
#12 /home/vagrant/Framgia/fbook_api/vendor/laravel/framework/src/Illuminate/Foundation/helpers.php(921): Illuminate\View\Factory->make('welcome', Array, Array)
#13 /home/vagrant/Framgia/fbook_api/routes/web.php(15): view('welcome')
#14 /home/vagrant/Framgia/fbook_api/vendor/laravel/framework/src/Illuminate/Routing/Route.php(189): Illuminate\Routing\Router->{closure}()
#15 /home/vagrant/Framgia/fbook_api/vendor/laravel/framework/src/Illuminate/Routing/Route.php(163): Illuminate\Routing\Route->runCallable()
#16 /home/vagrant/Framgia/fbook_api/vendor/laravel/framework/src/Illuminate/Routing/Router.php(559): Illuminate\Routing\Route->run()
#17 /home/vagrant/Framgia/fbook_api/vendor/laravel/framework/src/Illuminate/Routing/Pipeline.php(30): Illuminate\Routing\Router->Illuminate\Routing\{closure}(Object(Illuminate\Http\Request))
#18 /home/vagrant/Framgia/fbook_api/vendor/laravel/framework/src/Illuminate/Routing/Middleware/SubstituteBindings.php(41): Illuminate\Routing\Pipeline->Illuminate\Routing\{closure}(Object(Illuminate\Http\Request))
#19 /home/vagrant/Framgia/fbook_api/vendor/laravel/framework/src/Illuminate/Pipeline/Pipeline.php(148): Illuminate\Routing\Middleware\SubstituteBindings->handle(Object(Illuminate\Http\Request), Object(Closure))
#20 /home/vagrant/Framgia/fbook_api/vendor/laravel/framework/src/Illuminate/Routing/Pipeline.php(53): Illuminate\Pipeline\Pipeline->Illuminate\Pipeline\{closure}(Object(Illuminate\Http\Request))
#21 /home/vagrant/Framgia/fbook_api/vendor/laravel/framework/src/Illuminate/Foundation/Http/Middleware/VerifyCsrfToken.php(65): Illuminate\Routing\Pipeline->Illuminate\Routing\{closure}(Object(Illuminate\Http\Request))
#22 /home/vagrant/Framgia/fbook_api/vendor/laravel/framework/src/Illuminate/Pipeline/Pipeline.php(148): Illuminate\Foundation\Http\Middleware\VerifyCsrfToken->handle(Object(Illuminate\Http\Request), Object(Closure))
#23 /home/vagrant/Framgia/fbook_api/vendor/laravel/framework/src/Illuminate/Routing/Pipeline.php(53): Illuminate\Pipeline\Pipeline->Illuminate\Pipeline\{closure}(Object(Illuminate\Http\Request))
#24 /home/vagrant/Framgia/fbook_api/vendor/laravel/framework/src/Illuminate/View/Middleware/ShareErrorsFromSession.php(49): Illuminate\Routing\Pipeline->Illuminate\Routing\{closure}(Object(Illuminate\Http\Request))
#25 /home/vagrant/Framgia/fbook_api/vendor/laravel/framework/src/Illuminate/Pipeline/Pipeline.php(148): Illuminate\View\Middleware\ShareErrorsFromSession->handle(Object(Illuminate\Http\Request), Object(Closure))
#26 /home/vagrant/Framgia/fbook_api/vendor/laravel/framework/src/Illuminate/Routing/Pipeline.php(53): Illuminate\Pipeline\Pipeline->Illuminate\Pipeline\{closure}(Object(Illuminate\Http\Request))
#27 /home/vagrant/Framgia/fbook_api/vendor/laravel/framework/src/Illuminate/Session/Middleware/StartSession.php(64): Illuminate\Routing\Pipeline->Illuminate\Routing\{closure}(Object(Illuminate\Http\Request))
#28 /home/vagrant/Framgia/fbook_api/vendor/laravel/framework/src/Illuminate/Pipeline/Pipeline.php(148): Illuminate\Session\Middleware\StartSession->handle(Object(Illuminate\Http\Request), Object(Closure))
#29 /home/vagrant/Framgia/fbook_api/vendor/laravel/framework/src/Illuminate/Routing/Pipeline.php(53): Illuminate\Pipeline\Pipeline->Illuminate\Pipeline\{closure}(Object(Illuminate\Http\Request))
#30 /home/vagrant/Framgia/fbook_api/vendor/laravel/framework/src/Illuminate/Cookie/Middleware/AddQueuedCookiesToResponse.php(37): Illuminate\Routing\Pipeline->Illuminate\Routing\{closure}(Object(Illuminate\Http\Request))
#31 /home/vagrant/Framgia/fbook_api/vendor/laravel/framework/src/Illuminate/Pipeline/Pipeline.php(148): Illuminate\Cookie\Middleware\AddQueuedCookiesToResponse->handle(Object(Illuminate\Http\Request), Object(Closure))
#32 /home/vagrant/Framgia/fbook_api/vendor/laravel/framework/src/Illuminate/Routing/Pipeline.php(53): Illuminate\Pipeline\Pipeline->Illuminate\Pipeline\{closure}(Object(Illuminate\Http\Request))
#33 /home/vagrant/Framgia/fbook_api/vendor/laravel/framework/src/Illuminate/Cookie/Middleware/EncryptCookies.php(59): Illuminate\Routing\Pipeline->Illuminate\Routing\{closure}(Object(Illuminate\Http\Request))
#34 /home/vagrant/Framgia/fbook_api/vendor/laravel/framework/src/Illuminate/Pipeline/Pipeline.php(148): Illuminate\Cookie\Middleware\EncryptCookies->handle(Object(Illuminate\Http\Request), Object(Closure))
#35 /home/vagrant/Framgia/fbook_api/vendor/laravel/framework/src/Illuminate/Routing/Pipeline.php(53): Illuminate\Pipeline\Pipeline->Illuminate\Pipeline\{closure}(Object(Illuminate\Http\Request))
#36 /home/vagrant/Framgia/fbook_api/vendor/laravel/framework/src/Illuminate/Pipeline/Pipeline.php(102): Illuminate\Routing\Pipeline->Illuminate\Routing\{closure}(Object(Illuminate\Http\Request))
#37 /home/vagrant/Framgia/fbook_api/vendor/laravel/framework/src/Illuminate/Routing/Router.php(561): Illuminate\Pipeline\Pipeline->then(Object(Closure))
#38 /home/vagrant/Framgia/fbook_api/vendor/laravel/framework/src/Illuminate/Routing/Router.php(520): Illuminate\Routing\Router->runRouteWithinStack(Object(Illuminate\Routing\Route), Object(Illuminate\Http\Request))
#39 /home/vagrant/Framgia/fbook_api/vendor/laravel/framework/src/Illuminate/Routing/Router.php(498): Illuminate\Routing\Router->dispatchToRoute(Object(Illuminate\Http\Request))
#40 /home/vagrant/Framgia/fbook_api/vendor/laravel/framework/src/Illuminate/Foundation/Http/Kernel.php(174): Illuminate\Routing\Router->dispatch(Object(Illuminate\Http\Request))
#41 /home/vagrant/Framgia/fbook_api/vendor/laravel/framework/src/Illuminate/Routing/Pipeline.php(30): Illuminate\Foundation\Http\Kernel->Illuminate\Foundation\Http\{closure}(Object(Illuminate\Http\Request))
#42 /home/vagrant/Framgia/fbook_api/vendor/barryvdh/laravel-debugbar/src/Middleware/Debugbar.php(51): Illuminate\Routing\Pipeline->Illuminate\Routing\{closure}(Object(Illuminate\Http\Request))
#43 /home/vagrant/Framgia/fbook_api/vendor/laravel/framework/src/Illuminate/Pipeline/Pipeline.php(148): Barryvdh\Debugbar\Middleware\Debugbar->handle(Object(Illuminate\Http\Request), Object(Closure))
#44 /home/vagrant/Framgia/fbook_api/vendor/laravel/framework/src/Illuminate/Routing/Pipeline.php(53): Illuminate\Pipeline\Pipeline->Illuminate\Pipeline\{closure}(Object(Illuminate\Http\Request))
#45 /home/vagrant/Framgia/fbook_api/vendor/laravel/framework/src/Illuminate/Foundation/Http/Middleware/TransformsRequest.php(30): Illuminate\Routing\Pipeline->Illuminate\Routing\{closure}(Object(Illuminate\Http\Request))
#46 /home/vagrant/Framgia/fbook_api/vendor/laravel/framework/src/Illuminate/Pipeline/Pipeline.php(148): Illuminate\Foundation\Http\Middleware\TransformsRequest->handle(Object(Illuminate\Http\Request), Object(Closure))
#47 /home/vagrant/Framgia/fbook_api/vendor/laravel/framework/src/Illuminate/Routing/Pipeline.php(53): Illuminate\Pipeline\Pipeline->Illuminate\Pipeline\{closure}(Object(Illuminate\Http\Request))
#48 /home/vagrant/Framgia/fbook_api/vendor/laravel/framework/src/Illuminate/Foundation/Http/Middleware/TransformsRequest.php(30): Illuminate\Routing\Pipeline->Illuminate\Routing\{closure}(Object(Illuminate\Http\Request))
#49 /home/vagrant/Framgia/fbook_api/vendor/laravel/framework/src/Illuminate/Pipeline/Pipeline.php(148): Illuminate\Foundation\Http\Middleware\TransformsRequest->handle(Object(Illuminate\Http\Request), Object(Closure))
#50 /home/vagrant/Framgia/fbook_api/vendor/laravel/framework/src/Illuminate/Routing/Pipeline.php(53): Illuminate\Pipeline\Pipeline->Illuminate\Pipeline\{closure}(Object(Illuminate\Http\Request))
#51 /home/vagrant/Framgia/fbook_api/vendor/laravel/framework/src/Illuminate/Foundation/Http/Middleware/ValidatePostSize.php(27): Illuminate\Routing\Pipeline->Illuminate\Routing\{closure}(Object(Illuminate\Http\Request))
#52 /home/vagrant/Framgia/fbook_api/vendor/laravel/framework/src/Illuminate/Pipeline/Pipeline.php(148): Illuminate\Foundation\Http\Middleware\ValidatePostSize->handle(Object(Illuminate\Http\Request), Object(Closure))
#53 /home/vagrant/Framgia/fbook_api/vendor/laravel/framework/src/Illuminate/Routing/Pipeline.php(53): Illuminate\Pipeline\Pipeline->Illuminate\Pipeline\{closure}(Object(Illuminate\Http\Request))
#54 /home/vagrant/Framgia/fbook_api/vendor/laravel/framework/src/Illuminate/Foundation/Http/Middleware/CheckForMaintenanceMode.php(46): Illuminate\Routing\Pipeline->Illuminate\Routing\{closure}(Object(Illuminate\Http\Request))
#55 /home/vagrant/Framgia/fbook_api/vendor/laravel/framework/src/Illuminate/Pipeline/Pipeline.php(148): Illuminate\Foundation\Http\Middleware\CheckForMaintenanceMode->handle(Object(Illuminate\Http\Request), Object(Closure))
#56 /home/vagrant/Framgia/fbook_api/vendor/laravel/framework/src/Illuminate/Routing/Pipeline.php(53): Illuminate\Pipeline\Pipeline->Illuminate\Pipeline\{closure}(Object(Illuminate\Http\Request))
#57 /home/vagrant/Framgia/fbook_api/vendor/laravel/framework/src/Illuminate/Pipeline/Pipeline.php(102): Illuminate\Routing\Pipeline->Illuminate\Routing\{closure}(Object(Illuminate\Http\Request))
#58 /home/vagrant/Framgia/fbook_api/vendor/laravel/framework/src/Illuminate/Foundation/Http/Kernel.php(149): Illuminate\Pipeline\Pipeline->then(Object(Closure))
#59 /home/vagrant/Framgia/fbook_api/vendor/laravel/framework/src/Illuminate/Foundation/Http/Kernel.php(116): Illuminate\Foundation\Http\Kernel->sendRequestThroughRouter(Object(Illuminate\Http\Request))
#60 /home/vagrant/Framgia/fbook_api/public/index.php(53): Illuminate\Foundation\Http\Kernel->handle(Object(Illuminate\Http\Request))
#61 {main}  
[2017-05-17 02:19:46] local.ERROR: ErrorException: file_put_contents(/home/vagrant/Framgia/fbook_api/storage/framework/sessions/UXIftpKKqcqCvMoByGvVpTjGEKwAGQQ3i0R9doqy): failed to open stream: No such file or directory in /home/vagrant/Framgia/fbook_api/vendor/laravel/framework/src/Illuminate/Filesystem/Filesystem.php:111
Stack trace:
#0 [internal function]: Illuminate\Foundation\Bootstrap\HandleExceptions->handleError(2, 'file_put_conten...', '/home/vagrant/F...', 111, Array)
#1 /home/vagrant/Framgia/fbook_api/vendor/laravel/framework/src/Illuminate/Filesystem/Filesystem.php(111): file_put_contents('/home/vagrant/F...', 'a:4:{s:6:"_toke...', 2)
#2 /home/vagrant/Framgia/fbook_api/vendor/laravel/framework/src/Illuminate/Session/FileSessionHandler.php(83): Illuminate\Filesystem\Filesystem->put('/home/vagrant/F...', 'a:4:{s:6:"_toke...', true)
#3 /home/vagrant/Framgia/fbook_api/vendor/laravel/framework/src/Illuminate/Session/Store.php(128): Illuminate\Session\FileSessionHandler->write('UXIftpKKqcqCvMo...', 'a:4:{s:6:"_toke...')
#4 /home/vagrant/Framgia/fbook_api/vendor/laravel/framework/src/Illuminate/Session/Middleware/StartSession.php(88): Illuminate\Session\Store->save()
#5 /home/vagrant/Framgia/fbook_api/vendor/laravel/framework/src/Illuminate/Foundation/Http/Kernel.php(216): Illuminate\Session\Middleware\StartSession->terminate(Object(Illuminate\Http\Request), Object(Illuminate\Http\Response))
#6 /home/vagrant/Framgia/fbook_api/vendor/laravel/framework/src/Illuminate/Foundation/Http/Kernel.php(187): Illuminate\Foundation\Http\Kernel->terminateMiddleware(Object(Illuminate\Http\Request), Object(Illuminate\Http\Response))
#7 /home/vagrant/Framgia/fbook_api/public/index.php(58): Illuminate\Foundation\Http\Kernel->terminate(Object(Illuminate\Http\Request), Object(Illuminate\Http\Response))
#8 {main}  
[2017-05-17 02:19:48] local.ERROR: InvalidArgumentException: Please provide a valid cache path. in /home/vagrant/Framgia/fbook_api/vendor/laravel/framework/src/Illuminate/View/Compilers/Compiler.php:36
Stack trace:
#0 /home/vagrant/Framgia/fbook_api/vendor/laravel/framework/src/Illuminate/View/ViewServiceProvider.php(128): Illuminate\View\Compilers\Compiler->__construct(Object(Illuminate\Filesystem\Filesystem), false)
#1 /home/vagrant/Framgia/fbook_api/vendor/laravel/framework/src/Illuminate/Container/Container.php(718): Illuminate\View\ViewServiceProvider->Illuminate\View\{closure}(Object(Illuminate\Foundation\Application), Array)
#2 /home/vagrant/Framgia/fbook_api/vendor/laravel/framework/src/Illuminate/Container/Container.php(600): Illuminate\Container\Container->build(Object(Closure))
#3 /home/vagrant/Framgia/fbook_api/vendor/laravel/framework/src/Illuminate/Container/Container.php(567): Illuminate\Container\Container->resolve('blade.compiler')
#4 /home/vagrant/Framgia/fbook_api/vendor/laravel/framework/src/Illuminate/Foundation/Application.php(708): Illuminate\Container\Container->make('blade.compiler')
#5 /home/vagrant/Framgia/fbook_api/vendor/laravel/framework/src/Illuminate/Container/Container.php(1153): Illuminate\Foundation\Application->make('blade.compiler')
#6 /home/vagrant/Framgia/fbook_api/vendor/laravel/framework/src/Illuminate/View/ViewServiceProvider.php(133): Illuminate\Container\Container->offsetGet('blade.compiler')
#7 [internal function]: Illuminate\View\ViewServiceProvider->Illuminate\View\{closure}()
#8 /home/vagrant/Framgia/fbook_api/vendor/laravel/framework/src/Illuminate/View/Engines/EngineResolver.php(54): call_user_func(Object(Closure))
#9 /home/vagrant/Framgia/fbook_api/vendor/laravel/framework/src/Illuminate/View/Factory.php(263): Illuminate\View\Engines\EngineResolver->resolve('blade')
#10 /home/vagrant/Framgia/fbook_api/vendor/laravel/framework/src/Illuminate/View/Factory.php(227): Illuminate\View\Factory->getEngineFromPath('/home/vagrant/F...')
#11 /home/vagrant/Framgia/fbook_api/vendor/laravel/framework/src/Illuminate/View/Factory.php(136): Illuminate\View\Factory->viewInstance('welcome', '/home/vagrant/F...', Array)
#12 /home/vagrant/Framgia/fbook_api/vendor/laravel/framework/src/Illuminate/Foundation/helpers.php(921): Illuminate\View\Factory->make('welcome', Array, Array)
#13 /home/vagrant/Framgia/fbook_api/routes/web.php(15): view('welcome')
#14 /home/vagrant/Framgia/fbook_api/vendor/laravel/framework/src/Illuminate/Routing/Route.php(189): Illuminate\Routing\Router->{closure}()
#15 /home/vagrant/Framgia/fbook_api/vendor/laravel/framework/src/Illuminate/Routing/Route.php(163): Illuminate\Routing\Route->runCallable()
#16 /home/vagrant/Framgia/fbook_api/vendor/laravel/framework/src/Illuminate/Routing/Router.php(559): Illuminate\Routing\Route->run()
#17 /home/vagrant/Framgia/fbook_api/vendor/laravel/framework/src/Illuminate/Routing/Pipeline.php(30): Illuminate\Routing\Router->Illuminate\Routing\{closure}(Object(Illuminate\Http\Request))
#18 /home/vagrant/Framgia/fbook_api/vendor/laravel/framework/src/Illuminate/Routing/Middleware/SubstituteBindings.php(41): Illuminate\Routing\Pipeline->Illuminate\Routing\{closure}(Object(Illuminate\Http\Request))
#19 /home/vagrant/Framgia/fbook_api/vendor/laravel/framework/src/Illuminate/Pipeline/Pipeline.php(148): Illuminate\Routing\Middleware\SubstituteBindings->handle(Object(Illuminate\Http\Request), Object(Closure))
#20 /home/vagrant/Framgia/fbook_api/vendor/laravel/framework/src/Illuminate/Routing/Pipeline.php(53): Illuminate\Pipeline\Pipeline->Illuminate\Pipeline\{closure}(Object(Illuminate\Http\Request))
#21 /home/vagrant/Framgia/fbook_api/vendor/laravel/framework/src/Illuminate/Foundation/Http/Middleware/VerifyCsrfToken.php(65): Illuminate\Routing\Pipeline->Illuminate\Routing\{closure}(Object(Illuminate\Http\Request))
#22 /home/vagrant/Framgia/fbook_api/vendor/laravel/framework/src/Illuminate/Pipeline/Pipeline.php(148): Illuminate\Foundation\Http\Middleware\VerifyCsrfToken->handle(Object(Illuminate\Http\Request), Object(Closure))
#23 /home/vagrant/Framgia/fbook_api/vendor/laravel/framework/src/Illuminate/Routing/Pipeline.php(53): Illuminate\Pipeline\Pipeline->Illuminate\Pipeline\{closure}(Object(Illuminate\Http\Request))
#24 /home/vagrant/Framgia/fbook_api/vendor/laravel/framework/src/Illuminate/View/Middleware/ShareErrorsFromSession.php(49): Illuminate\Routing\Pipeline->Illuminate\Routing\{closure}(Object(Illuminate\Http\Request))
#25 /home/vagrant/Framgia/fbook_api/vendor/laravel/framework/src/Illuminate/Pipeline/Pipeline.php(148): Illuminate\View\Middleware\ShareErrorsFromSession->handle(Object(Illuminate\Http\Request), Object(Closure))
#26 /home/vagrant/Framgia/fbook_api/vendor/laravel/framework/src/Illuminate/Routing/Pipeline.php(53): Illuminate\Pipeline\Pipeline->Illuminate\Pipeline\{closure}(Object(Illuminate\Http\Request))
#27 /home/vagrant/Framgia/fbook_api/vendor/laravel/framework/src/Illuminate/Session/Middleware/StartSession.php(64): Illuminate\Routing\Pipeline->Illuminate\Routing\{closure}(Object(Illuminate\Http\Request))
#28 /home/vagrant/Framgia/fbook_api/vendor/laravel/framework/src/Illuminate/Pipeline/Pipeline.php(148): Illuminate\Session\Middleware\StartSession->handle(Object(Illuminate\Http\Request), Object(Closure))
#29 /home/vagrant/Framgia/fbook_api/vendor/laravel/framework/src/Illuminate/Routing/Pipeline.php(53): Illuminate\Pipeline\Pipeline->Illuminate\Pipeline\{closure}(Object(Illuminate\Http\Request))
#30 /home/vagrant/Framgia/fbook_api/vendor/laravel/framework/src/Illuminate/Cookie/Middleware/AddQueuedCookiesToResponse.php(37): Illuminate\Routing\Pipeline->Illuminate\Routing\{closure}(Object(Illuminate\Http\Request))
#31 /home/vagrant/Framgia/fbook_api/vendor/laravel/framework/src/Illuminate/Pipeline/Pipeline.php(148): Illuminate\Cookie\Middleware\AddQueuedCookiesToResponse->handle(Object(Illuminate\Http\Request), Object(Closure))
#32 /home/vagrant/Framgia/fbook_api/vendor/laravel/framework/src/Illuminate/Routing/Pipeline.php(53): Illuminate\Pipeline\Pipeline->Illuminate\Pipeline\{closure}(Object(Illuminate\Http\Request))
#33 /home/vagrant/Framgia/fbook_api/vendor/laravel/framework/src/Illuminate/Cookie/Middleware/EncryptCookies.php(59): Illuminate\Routing\Pipeline->Illuminate\Routing\{closure}(Object(Illuminate\Http\Request))
#34 /home/vagrant/Framgia/fbook_api/vendor/laravel/framework/src/Illuminate/Pipeline/Pipeline.php(148): Illuminate\Cookie\Middleware\EncryptCookies->handle(Object(Illuminate\Http\Request), Object(Closure))
#35 /home/vagrant/Framgia/fbook_api/vendor/laravel/framework/src/Illuminate/Routing/Pipeline.php(53): Illuminate\Pipeline\Pipeline->Illuminate\Pipeline\{closure}(Object(Illuminate\Http\Request))
#36 /home/vagrant/Framgia/fbook_api/vendor/laravel/framework/src/Illuminate/Pipeline/Pipeline.php(102): Illuminate\Routing\Pipeline->Illuminate\Routing\{closure}(Object(Illuminate\Http\Request))
#37 /home/vagrant/Framgia/fbook_api/vendor/laravel/framework/src/Illuminate/Routing/Router.php(561): Illuminate\Pipeline\Pipeline->then(Object(Closure))
#38 /home/vagrant/Framgia/fbook_api/vendor/laravel/framework/src/Illuminate/Routing/Router.php(520): Illuminate\Routing\Router->runRouteWithinStack(Object(Illuminate\Routing\Route), Object(Illuminate\Http\Request))
#39 /home/vagrant/Framgia/fbook_api/vendor/laravel/framework/src/Illuminate/Routing/Router.php(498): Illuminate\Routing\Router->dispatchToRoute(Object(Illuminate\Http\Request))
#40 /home/vagrant/Framgia/fbook_api/vendor/laravel/framework/src/Illuminate/Foundation/Http/Kernel.php(174): Illuminate\Routing\Router->dispatch(Object(Illuminate\Http\Request))
#41 /home/vagrant/Framgia/fbook_api/vendor/laravel/framework/src/Illuminate/Routing/Pipeline.php(30): Illuminate\Foundation\Http\Kernel->Illuminate\Foundation\Http\{closure}(Object(Illuminate\Http\Request))
#42 /home/vagrant/Framgia/fbook_api/vendor/barryvdh/laravel-debugbar/src/Middleware/Debugbar.php(51): Illuminate\Routing\Pipeline->Illuminate\Routing\{closure}(Object(Illuminate\Http\Request))
#43 /home/vagrant/Framgia/fbook_api/vendor/laravel/framework/src/Illuminate/Pipeline/Pipeline.php(148): Barryvdh\Debugbar\Middleware\Debugbar->handle(Object(Illuminate\Http\Request), Object(Closure))
#44 /home/vagrant/Framgia/fbook_api/vendor/laravel/framework/src/Illuminate/Routing/Pipeline.php(53): Illuminate\Pipeline\Pipeline->Illuminate\Pipeline\{closure}(Object(Illuminate\Http\Request))
#45 /home/vagrant/Framgia/fbook_api/vendor/laravel/framework/src/Illuminate/Foundation/Http/Middleware/TransformsRequest.php(30): Illuminate\Routing\Pipeline->Illuminate\Routing\{closure}(Object(Illuminate\Http\Request))
#46 /home/vagrant/Framgia/fbook_api/vendor/laravel/framework/src/Illuminate/Pipeline/Pipeline.php(148): Illuminate\Foundation\Http\Middleware\TransformsRequest->handle(Object(Illuminate\Http\Request), Object(Closure))
#47 /home/vagrant/Framgia/fbook_api/vendor/laravel/framework/src/Illuminate/Routing/Pipeline.php(53): Illuminate\Pipeline\Pipeline->Illuminate\Pipeline\{closure}(Object(Illuminate\Http\Request))
#48 /home/vagrant/Framgia/fbook_api/vendor/laravel/framework/src/Illuminate/Foundation/Http/Middleware/TransformsRequest.php(30): Illuminate\Routing\Pipeline->Illuminate\Routing\{closure}(Object(Illuminate\Http\Request))
#49 /home/vagrant/Framgia/fbook_api/vendor/laravel/framework/src/Illuminate/Pipeline/Pipeline.php(148): Illuminate\Foundation\Http\Middleware\TransformsRequest->handle(Object(Illuminate\Http\Request), Object(Closure))
#50 /home/vagrant/Framgia/fbook_api/vendor/laravel/framework/src/Illuminate/Routing/Pipeline.php(53): Illuminate\Pipeline\Pipeline->Illuminate\Pipeline\{closure}(Object(Illuminate\Http\Request))
#51 /home/vagrant/Framgia/fbook_api/vendor/laravel/framework/src/Illuminate/Foundation/Http/Middleware/ValidatePostSize.php(27): Illuminate\Routing\Pipeline->Illuminate\Routing\{closure}(Object(Illuminate\Http\Request))
#52 /home/vagrant/Framgia/fbook_api/vendor/laravel/framework/src/Illuminate/Pipeline/Pipeline.php(148): Illuminate\Foundation\Http\Middleware\ValidatePostSize->handle(Object(Illuminate\Http\Request), Object(Closure))
#53 /home/vagrant/Framgia/fbook_api/vendor/laravel/framework/src/Illuminate/Routing/Pipeline.php(53): Illuminate\Pipeline\Pipeline->Illuminate\Pipeline\{closure}(Object(Illuminate\Http\Request))
#54 /home/vagrant/Framgia/fbook_api/vendor/laravel/framework/src/Illuminate/Foundation/Http/Middleware/CheckForMaintenanceMode.php(46): Illuminate\Routing\Pipeline->Illuminate\Routing\{closure}(Object(Illuminate\Http\Request))
#55 /home/vagrant/Framgia/fbook_api/vendor/laravel/framework/src/Illuminate/Pipeline/Pipeline.php(148): Illuminate\Foundation\Http\Middleware\CheckForMaintenanceMode->handle(Object(Illuminate\Http\Request), Object(Closure))
#56 /home/vagrant/Framgia/fbook_api/vendor/laravel/framework/src/Illuminate/Routing/Pipeline.php(53): Illuminate\Pipeline\Pipeline->Illuminate\Pipeline\{closure}(Object(Illuminate\Http\Request))
#57 /home/vagrant/Framgia/fbook_api/vendor/laravel/framework/src/Illuminate/Pipeline/Pipeline.php(102): Illuminate\Routing\Pipeline->Illuminate\Routing\{closure}(Object(Illuminate\Http\Request))
#58 /home/vagrant/Framgia/fbook_api/vendor/laravel/framework/src/Illuminate/Foundation/Http/Kernel.php(149): Illuminate\Pipeline\Pipeline->then(Object(Closure))
#59 /home/vagrant/Framgia/fbook_api/vendor/laravel/framework/src/Illuminate/Foundation/Http/Kernel.php(116): Illuminate\Foundation\Http\Kernel->sendRequestThroughRouter(Object(Illuminate\Http\Request))
#60 /home/vagrant/Framgia/fbook_api/public/index.php(53): Illuminate\Foundation\Http\Kernel->handle(Object(Illuminate\Http\Request))
#61 {main}  
[2017-05-17 02:19:48] local.ERROR: ErrorException: file_put_contents(/home/vagrant/Framgia/fbook_api/storage/framework/sessions/UXIftpKKqcqCvMoByGvVpTjGEKwAGQQ3i0R9doqy): failed to open stream: No such file or directory in /home/vagrant/Framgia/fbook_api/vendor/laravel/framework/src/Illuminate/Filesystem/Filesystem.php:111
Stack trace:
#0 [internal function]: Illuminate\Foundation\Bootstrap\HandleExceptions->handleError(2, 'file_put_conten...', '/home/vagrant/F...', 111, Array)
#1 /home/vagrant/Framgia/fbook_api/vendor/laravel/framework/src/Illuminate/Filesystem/Filesystem.php(111): file_put_contents('/home/vagrant/F...', 'a:4:{s:6:"_toke...', 2)
#2 /home/vagrant/Framgia/fbook_api/vendor/laravel/framework/src/Illuminate/Session/FileSessionHandler.php(83): Illuminate\Filesystem\Filesystem->put('/home/vagrant/F...', 'a:4:{s:6:"_toke...', true)
#3 /home/vagrant/Framgia/fbook_api/vendor/laravel/framework/src/Illuminate/Session/Store.php(128): Illuminate\Session\FileSessionHandler->write('UXIftpKKqcqCvMo...', 'a:4:{s:6:"_toke...')
#4 /home/vagrant/Framgia/fbook_api/vendor/laravel/framework/src/Illuminate/Session/Middleware/StartSession.php(88): Illuminate\Session\Store->save()
#5 /home/vagrant/Framgia/fbook_api/vendor/laravel/framework/src/Illuminate/Foundation/Http/Kernel.php(216): Illuminate\Session\Middleware\StartSession->terminate(Object(Illuminate\Http\Request), Object(Illuminate\Http\Response))
#6 /home/vagrant/Framgia/fbook_api/vendor/laravel/framework/src/Illuminate/Foundation/Http/Kernel.php(187): Illuminate\Foundation\Http\Kernel->terminateMiddleware(Object(Illuminate\Http\Request), Object(Illuminate\Http\Response))
#7 /home/vagrant/Framgia/fbook_api/public/index.php(58): Illuminate\Foundation\Http\Kernel->terminate(Object(Illuminate\Http\Request), Object(Illuminate\Http\Response))
#8 {main}  
[2017-05-17 02:20:14] local.ERROR: InvalidArgumentException: Please provide a valid cache path. in /home/vagrant/Framgia/fbook_api/vendor/laravel/framework/src/Illuminate/View/Compilers/Compiler.php:36
Stack trace:
#0 /home/vagrant/Framgia/fbook_api/vendor/laravel/framework/src/Illuminate/View/ViewServiceProvider.php(128): Illuminate\View\Compilers\Compiler->__construct(Object(Illuminate\Filesystem\Filesystem), false)
#1 /home/vagrant/Framgia/fbook_api/vendor/laravel/framework/src/Illuminate/Container/Container.php(718): Illuminate\View\ViewServiceProvider->Illuminate\View\{closure}(Object(Illuminate\Foundation\Application), Array)
#2 /home/vagrant/Framgia/fbook_api/vendor/laravel/framework/src/Illuminate/Container/Container.php(600): Illuminate\Container\Container->build(Object(Closure))
#3 /home/vagrant/Framgia/fbook_api/vendor/laravel/framework/src/Illuminate/Container/Container.php(567): Illuminate\Container\Container->resolve('blade.compiler')
#4 /home/vagrant/Framgia/fbook_api/vendor/laravel/framework/src/Illuminate/Foundation/Application.php(708): Illuminate\Container\Container->make('blade.compiler')
#5 /home/vagrant/Framgia/fbook_api/vendor/laravel/framework/src/Illuminate/Container/Container.php(1153): Illuminate\Foundation\Application->make('blade.compiler')
#6 /home/vagrant/Framgia/fbook_api/vendor/laravel/framework/src/Illuminate/View/ViewServiceProvider.php(133): Illuminate\Container\Container->offsetGet('blade.compiler')
#7 [internal function]: Illuminate\View\ViewServiceProvider->Illuminate\View\{closure}()
#8 /home/vagrant/Framgia/fbook_api/vendor/laravel/framework/src/Illuminate/View/Engines/EngineResolver.php(54): call_user_func(Object(Closure))
#9 /home/vagrant/Framgia/fbook_api/vendor/laravel/framework/src/Illuminate/View/Factory.php(263): Illuminate\View\Engines\EngineResolver->resolve('blade')
#10 /home/vagrant/Framgia/fbook_api/vendor/laravel/framework/src/Illuminate/View/Factory.php(227): Illuminate\View\Factory->getEngineFromPath('/home/vagrant/F...')
#11 /home/vagrant/Framgia/fbook_api/vendor/laravel/framework/src/Illuminate/View/Factory.php(136): Illuminate\View\Factory->viewInstance('welcome', '/home/vagrant/F...', Array)
#12 /home/vagrant/Framgia/fbook_api/vendor/laravel/framework/src/Illuminate/Foundation/helpers.php(921): Illuminate\View\Factory->make('welcome', Array, Array)
#13 /home/vagrant/Framgia/fbook_api/routes/web.php(15): view('welcome')
#14 /home/vagrant/Framgia/fbook_api/vendor/laravel/framework/src/Illuminate/Routing/Route.php(189): Illuminate\Routing\Router->{closure}()
#15 /home/vagrant/Framgia/fbook_api/vendor/laravel/framework/src/Illuminate/Routing/Route.php(163): Illuminate\Routing\Route->runCallable()
#16 /home/vagrant/Framgia/fbook_api/vendor/laravel/framework/src/Illuminate/Routing/Router.php(559): Illuminate\Routing\Route->run()
#17 /home/vagrant/Framgia/fbook_api/vendor/laravel/framework/src/Illuminate/Routing/Pipeline.php(30): Illuminate\Routing\Router->Illuminate\Routing\{closure}(Object(Illuminate\Http\Request))
#18 /home/vagrant/Framgia/fbook_api/vendor/laravel/framework/src/Illuminate/Routing/Middleware/SubstituteBindings.php(41): Illuminate\Routing\Pipeline->Illuminate\Routing\{closure}(Object(Illuminate\Http\Request))
#19 /home/vagrant/Framgia/fbook_api/vendor/laravel/framework/src/Illuminate/Pipeline/Pipeline.php(148): Illuminate\Routing\Middleware\SubstituteBindings->handle(Object(Illuminate\Http\Request), Object(Closure))
#20 /home/vagrant/Framgia/fbook_api/vendor/laravel/framework/src/Illuminate/Routing/Pipeline.php(53): Illuminate\Pipeline\Pipeline->Illuminate\Pipeline\{closure}(Object(Illuminate\Http\Request))
#21 /home/vagrant/Framgia/fbook_api/vendor/laravel/framework/src/Illuminate/Foundation/Http/Middleware/VerifyCsrfToken.php(65): Illuminate\Routing\Pipeline->Illuminate\Routing\{closure}(Object(Illuminate\Http\Request))
#22 /home/vagrant/Framgia/fbook_api/vendor/laravel/framework/src/Illuminate/Pipeline/Pipeline.php(148): Illuminate\Foundation\Http\Middleware\VerifyCsrfToken->handle(Object(Illuminate\Http\Request), Object(Closure))
#23 /home/vagrant/Framgia/fbook_api/vendor/laravel/framework/src/Illuminate/Routing/Pipeline.php(53): Illuminate\Pipeline\Pipeline->Illuminate\Pipeline\{closure}(Object(Illuminate\Http\Request))
#24 /home/vagrant/Framgia/fbook_api/vendor/laravel/framework/src/Illuminate/View/Middleware/ShareErrorsFromSession.php(49): Illuminate\Routing\Pipeline->Illuminate\Routing\{closure}(Object(Illuminate\Http\Request))
#25 /home/vagrant/Framgia/fbook_api/vendor/laravel/framework/src/Illuminate/Pipeline/Pipeline.php(148): Illuminate\View\Middleware\ShareErrorsFromSession->handle(Object(Illuminate\Http\Request), Object(Closure))
#26 /home/vagrant/Framgia/fbook_api/vendor/laravel/framework/src/Illuminate/Routing/Pipeline.php(53): Illuminate\Pipeline\Pipeline->Illuminate\Pipeline\{closure}(Object(Illuminate\Http\Request))
#27 /home/vagrant/Framgia/fbook_api/vendor/laravel/framework/src/Illuminate/Session/Middleware/StartSession.php(64): Illuminate\Routing\Pipeline->Illuminate\Routing\{closure}(Object(Illuminate\Http\Request))
#28 /home/vagrant/Framgia/fbook_api/vendor/laravel/framework/src/Illuminate/Pipeline/Pipeline.php(148): Illuminate\Session\Middleware\StartSession->handle(Object(Illuminate\Http\Request), Object(Closure))
#29 /home/vagrant/Framgia/fbook_api/vendor/laravel/framework/src/Illuminate/Routing/Pipeline.php(53): Illuminate\Pipeline\Pipeline->Illuminate\Pipeline\{closure}(Object(Illuminate\Http\Request))
#30 /home/vagrant/Framgia/fbook_api/vendor/laravel/framework/src/Illuminate/Cookie/Middleware/AddQueuedCookiesToResponse.php(37): Illuminate\Routing\Pipeline->Illuminate\Routing\{closure}(Object(Illuminate\Http\Request))
#31 /home/vagrant/Framgia/fbook_api/vendor/laravel/framework/src/Illuminate/Pipeline/Pipeline.php(148): Illuminate\Cookie\Middleware\AddQueuedCookiesToResponse->handle(Object(Illuminate\Http\Request), Object(Closure))
#32 /home/vagrant/Framgia/fbook_api/vendor/laravel/framework/src/Illuminate/Routing/Pipeline.php(53): Illuminate\Pipeline\Pipeline->Illuminate\Pipeline\{closure}(Object(Illuminate\Http\Request))
#33 /home/vagrant/Framgia/fbook_api/vendor/laravel/framework/src/Illuminate/Cookie/Middleware/EncryptCookies.php(59): Illuminate\Routing\Pipeline->Illuminate\Routing\{closure}(Object(Illuminate\Http\Request))
#34 /home/vagrant/Framgia/fbook_api/vendor/laravel/framework/src/Illuminate/Pipeline/Pipeline.php(148): Illuminate\Cookie\Middleware\EncryptCookies->handle(Object(Illuminate\Http\Request), Object(Closure))
#35 /home/vagrant/Framgia/fbook_api/vendor/laravel/framework/src/Illuminate/Routing/Pipeline.php(53): Illuminate\Pipeline\Pipeline->Illuminate\Pipeline\{closure}(Object(Illuminate\Http\Request))
#36 /home/vagrant/Framgia/fbook_api/vendor/laravel/framework/src/Illuminate/Pipeline/Pipeline.php(102): Illuminate\Routing\Pipeline->Illuminate\Routing\{closure}(Object(Illuminate\Http\Request))
#37 /home/vagrant/Framgia/fbook_api/vendor/laravel/framework/src/Illuminate/Routing/Router.php(561): Illuminate\Pipeline\Pipeline->then(Object(Closure))
#38 /home/vagrant/Framgia/fbook_api/vendor/laravel/framework/src/Illuminate/Routing/Router.php(520): Illuminate\Routing\Router->runRouteWithinStack(Object(Illuminate\Routing\Route), Object(Illuminate\Http\Request))
#39 /home/vagrant/Framgia/fbook_api/vendor/laravel/framework/src/Illuminate/Routing/Router.php(498): Illuminate\Routing\Router->dispatchToRoute(Object(Illuminate\Http\Request))
#40 /home/vagrant/Framgia/fbook_api/vendor/laravel/framework/src/Illuminate/Foundation/Http/Kernel.php(174): Illuminate\Routing\Router->dispatch(Object(Illuminate\Http\Request))
#41 /home/vagrant/Framgia/fbook_api/vendor/laravel/framework/src/Illuminate/Routing/Pipeline.php(30): Illuminate\Foundation\Http\Kernel->Illuminate\Foundation\Http\{closure}(Object(Illuminate\Http\Request))
#42 /home/vagrant/Framgia/fbook_api/vendor/barryvdh/laravel-debugbar/src/Middleware/Debugbar.php(51): Illuminate\Routing\Pipeline->Illuminate\Routing\{closure}(Object(Illuminate\Http\Request))
#43 /home/vagrant/Framgia/fbook_api/vendor/laravel/framework/src/Illuminate/Pipeline/Pipeline.php(148): Barryvdh\Debugbar\Middleware\Debugbar->handle(Object(Illuminate\Http\Request), Object(Closure))
#44 /home/vagrant/Framgia/fbook_api/vendor/laravel/framework/src/Illuminate/Routing/Pipeline.php(53): Illuminate\Pipeline\Pipeline->Illuminate\Pipeline\{closure}(Object(Illuminate\Http\Request))
#45 /home/vagrant/Framgia/fbook_api/vendor/laravel/framework/src/Illuminate/Foundation/Http/Middleware/TransformsRequest.php(30): Illuminate\Routing\Pipeline->Illuminate\Routing\{closure}(Object(Illuminate\Http\Request))
#46 /home/vagrant/Framgia/fbook_api/vendor/laravel/framework/src/Illuminate/Pipeline/Pipeline.php(148): Illuminate\Foundation\Http\Middleware\TransformsRequest->handle(Object(Illuminate\Http\Request), Object(Closure))
#47 /home/vagrant/Framgia/fbook_api/vendor/laravel/framework/src/Illuminate/Routing/Pipeline.php(53): Illuminate\Pipeline\Pipeline->Illuminate\Pipeline\{closure}(Object(Illuminate\Http\Request))
#48 /home/vagrant/Framgia/fbook_api/vendor/laravel/framework/src/Illuminate/Foundation/Http/Middleware/TransformsRequest.php(30): Illuminate\Routing\Pipeline->Illuminate\Routing\{closure}(Object(Illuminate\Http\Request))
#49 /home/vagrant/Framgia/fbook_api/vendor/laravel/framework/src/Illuminate/Pipeline/Pipeline.php(148): Illuminate\Foundation\Http\Middleware\TransformsRequest->handle(Object(Illuminate\Http\Request), Object(Closure))
#50 /home/vagrant/Framgia/fbook_api/vendor/laravel/framework/src/Illuminate/Routing/Pipeline.php(53): Illuminate\Pipeline\Pipeline->Illuminate\Pipeline\{closure}(Object(Illuminate\Http\Request))
#51 /home/vagrant/Framgia/fbook_api/vendor/laravel/framework/src/Illuminate/Foundation/Http/Middleware/ValidatePostSize.php(27): Illuminate\Routing\Pipeline->Illuminate\Routing\{closure}(Object(Illuminate\Http\Request))
#52 /home/vagrant/Framgia/fbook_api/vendor/laravel/framework/src/Illuminate/Pipeline/Pipeline.php(148): Illuminate\Foundation\Http\Middleware\ValidatePostSize->handle(Object(Illuminate\Http\Request), Object(Closure))
#53 /home/vagrant/Framgia/fbook_api/vendor/laravel/framework/src/Illuminate/Routing/Pipeline.php(53): Illuminate\Pipeline\Pipeline->Illuminate\Pipeline\{closure}(Object(Illuminate\Http\Request))
#54 /home/vagrant/Framgia/fbook_api/vendor/laravel/framework/src/Illuminate/Foundation/Http/Middleware/CheckForMaintenanceMode.php(46): Illuminate\Routing\Pipeline->Illuminate\Routing\{closure}(Object(Illuminate\Http\Request))
#55 /home/vagrant/Framgia/fbook_api/vendor/laravel/framework/src/Illuminate/Pipeline/Pipeline.php(148): Illuminate\Foundation\Http\Middleware\CheckForMaintenanceMode->handle(Object(Illuminate\Http\Request), Object(Closure))
#56 /home/vagrant/Framgia/fbook_api/vendor/laravel/framework/src/Illuminate/Routing/Pipeline.php(53): Illuminate\Pipeline\Pipeline->Illuminate\Pipeline\{closure}(Object(Illuminate\Http\Request))
#57 /home/vagrant/Framgia/fbook_api/vendor/laravel/framework/src/Illuminate/Pipeline/Pipeline.php(102): Illuminate\Routing\Pipeline->Illuminate\Routing\{closure}(Object(Illuminate\Http\Request))
#58 /home/vagrant/Framgia/fbook_api/vendor/laravel/framework/src/Illuminate/Foundation/Http/Kernel.php(149): Illuminate\Pipeline\Pipeline->then(Object(Closure))
#59 /home/vagrant/Framgia/fbook_api/vendor/laravel/framework/src/Illuminate/Foundation/Http/Kernel.php(116): Illuminate\Foundation\Http\Kernel->sendRequestThroughRouter(Object(Illuminate\Http\Request))
#60 /home/vagrant/Framgia/fbook_api/public/index.php(53): Illuminate\Foundation\Http\Kernel->handle(Object(Illuminate\Http\Request))
#61 {main}  
[2017-05-17 02:20:14] local.ERROR: ErrorException: file_put_contents(/home/vagrant/Framgia/fbook_api/storage/framework/sessions/UXIftpKKqcqCvMoByGvVpTjGEKwAGQQ3i0R9doqy): failed to open stream: No such file or directory in /home/vagrant/Framgia/fbook_api/vendor/laravel/framework/src/Illuminate/Filesystem/Filesystem.php:111
Stack trace:
#0 [internal function]: Illuminate\Foundation\Bootstrap\HandleExceptions->handleError(2, 'file_put_conten...', '/home/vagrant/F...', 111, Array)
#1 /home/vagrant/Framgia/fbook_api/vendor/laravel/framework/src/Illuminate/Filesystem/Filesystem.php(111): file_put_contents('/home/vagrant/F...', 'a:4:{s:6:"_toke...', 2)
#2 /home/vagrant/Framgia/fbook_api/vendor/laravel/framework/src/Illuminate/Session/FileSessionHandler.php(83): Illuminate\Filesystem\Filesystem->put('/home/vagrant/F...', 'a:4:{s:6:"_toke...', true)
#3 /home/vagrant/Framgia/fbook_api/vendor/laravel/framework/src/Illuminate/Session/Store.php(128): Illuminate\Session\FileSessionHandler->write('UXIftpKKqcqCvMo...', 'a:4:{s:6:"_toke...')
#4 /home/vagrant/Framgia/fbook_api/vendor/laravel/framework/src/Illuminate/Session/Middleware/StartSession.php(88): Illuminate\Session\Store->save()
#5 /home/vagrant/Framgia/fbook_api/vendor/laravel/framework/src/Illuminate/Foundation/Http/Kernel.php(216): Illuminate\Session\Middleware\StartSession->terminate(Object(Illuminate\Http\Request), Object(Illuminate\Http\Response))
#6 /home/vagrant/Framgia/fbook_api/vendor/laravel/framework/src/Illuminate/Foundation/Http/Kernel.php(187): Illuminate\Foundation\Http\Kernel->terminateMiddleware(Object(Illuminate\Http\Request), Object(Illuminate\Http\Response))
#7 /home/vagrant/Framgia/fbook_api/public/index.php(58): Illuminate\Foundation\Http\Kernel->terminate(Object(Illuminate\Http\Request), Object(Illuminate\Http\Response))
#8 {main}  
[2017-05-17 02:20:26] local.ERROR: InvalidArgumentException: Please provide a valid cache path. in /home/vagrant/Framgia/fbook_api/vendor/laravel/framework/src/Illuminate/View/Compilers/Compiler.php:36
Stack trace:
#0 /home/vagrant/Framgia/fbook_api/vendor/laravel/framework/src/Illuminate/View/ViewServiceProvider.php(128): Illuminate\View\Compilers\Compiler->__construct(Object(Illuminate\Filesystem\Filesystem), false)
#1 /home/vagrant/Framgia/fbook_api/vendor/laravel/framework/src/Illuminate/Container/Container.php(718): Illuminate\View\ViewServiceProvider->Illuminate\View\{closure}(Object(Illuminate\Foundation\Application), Array)
#2 /home/vagrant/Framgia/fbook_api/vendor/laravel/framework/src/Illuminate/Container/Container.php(600): Illuminate\Container\Container->build(Object(Closure))
#3 /home/vagrant/Framgia/fbook_api/vendor/laravel/framework/src/Illuminate/Container/Container.php(567): Illuminate\Container\Container->resolve('blade.compiler')
#4 /home/vagrant/Framgia/fbook_api/vendor/laravel/framework/src/Illuminate/Foundation/Application.php(708): Illuminate\Container\Container->make('blade.compiler')
#5 /home/vagrant/Framgia/fbook_api/vendor/laravel/framework/src/Illuminate/Container/Container.php(1153): Illuminate\Foundation\Application->make('blade.compiler')
#6 /home/vagrant/Framgia/fbook_api/vendor/laravel/framework/src/Illuminate/View/ViewServiceProvider.php(133): Illuminate\Container\Container->offsetGet('blade.compiler')
#7 [internal function]: Illuminate\View\ViewServiceProvider->Illuminate\View\{closure}()
#8 /home/vagrant/Framgia/fbook_api/vendor/laravel/framework/src/Illuminate/View/Engines/EngineResolver.php(54): call_user_func(Object(Closure))
#9 /home/vagrant/Framgia/fbook_api/vendor/laravel/framework/src/Illuminate/View/Factory.php(263): Illuminate\View\Engines\EngineResolver->resolve('blade')
#10 /home/vagrant/Framgia/fbook_api/vendor/laravel/framework/src/Illuminate/View/Factory.php(227): Illuminate\View\Factory->getEngineFromPath('/home/vagrant/F...')
#11 /home/vagrant/Framgia/fbook_api/vendor/laravel/framework/src/Illuminate/View/Factory.php(136): Illuminate\View\Factory->viewInstance('welcome', '/home/vagrant/F...', Array)
#12 /home/vagrant/Framgia/fbook_api/vendor/laravel/framework/src/Illuminate/Foundation/helpers.php(921): Illuminate\View\Factory->make('welcome', Array, Array)
#13 /home/vagrant/Framgia/fbook_api/routes/web.php(15): view('welcome')
#14 /home/vagrant/Framgia/fbook_api/vendor/laravel/framework/src/Illuminate/Routing/Route.php(189): Illuminate\Routing\Router->{closure}()
#15 /home/vagrant/Framgia/fbook_api/vendor/laravel/framework/src/Illuminate/Routing/Route.php(163): Illuminate\Routing\Route->runCallable()
#16 /home/vagrant/Framgia/fbook_api/vendor/laravel/framework/src/Illuminate/Routing/Router.php(559): Illuminate\Routing\Route->run()
#17 /home/vagrant/Framgia/fbook_api/vendor/laravel/framework/src/Illuminate/Routing/Pipeline.php(30): Illuminate\Routing\Router->Illuminate\Routing\{closure}(Object(Illuminate\Http\Request))
#18 /home/vagrant/Framgia/fbook_api/vendor/laravel/framework/src/Illuminate/Routing/Middleware/SubstituteBindings.php(41): Illuminate\Routing\Pipeline->Illuminate\Routing\{closure}(Object(Illuminate\Http\Request))
#19 /home/vagrant/Framgia/fbook_api/vendor/laravel/framework/src/Illuminate/Pipeline/Pipeline.php(148): Illuminate\Routing\Middleware\SubstituteBindings->handle(Object(Illuminate\Http\Request), Object(Closure))
#20 /home/vagrant/Framgia/fbook_api/vendor/laravel/framework/src/Illuminate/Routing/Pipeline.php(53): Illuminate\Pipeline\Pipeline->Illuminate\Pipeline\{closure}(Object(Illuminate\Http\Request))
#21 /home/vagrant/Framgia/fbook_api/vendor/laravel/framework/src/Illuminate/Foundation/Http/Middleware/VerifyCsrfToken.php(65): Illuminate\Routing\Pipeline->Illuminate\Routing\{closure}(Object(Illuminate\Http\Request))
#22 /home/vagrant/Framgia/fbook_api/vendor/laravel/framework/src/Illuminate/Pipeline/Pipeline.php(148): Illuminate\Foundation\Http\Middleware\VerifyCsrfToken->handle(Object(Illuminate\Http\Request), Object(Closure))
#23 /home/vagrant/Framgia/fbook_api/vendor/laravel/framework/src/Illuminate/Routing/Pipeline.php(53): Illuminate\Pipeline\Pipeline->Illuminate\Pipeline\{closure}(Object(Illuminate\Http\Request))
#24 /home/vagrant/Framgia/fbook_api/vendor/laravel/framework/src/Illuminate/View/Middleware/ShareErrorsFromSession.php(49): Illuminate\Routing\Pipeline->Illuminate\Routing\{closure}(Object(Illuminate\Http\Request))
#25 /home/vagrant/Framgia/fbook_api/vendor/laravel/framework/src/Illuminate/Pipeline/Pipeline.php(148): Illuminate\View\Middleware\ShareErrorsFromSession->handle(Object(Illuminate\Http\Request), Object(Closure))
#26 /home/vagrant/Framgia/fbook_api/vendor/laravel/framework/src/Illuminate/Routing/Pipeline.php(53): Illuminate\Pipeline\Pipeline->Illuminate\Pipeline\{closure}(Object(Illuminate\Http\Request))
#27 /home/vagrant/Framgia/fbook_api/vendor/laravel/framework/src/Illuminate/Session/Middleware/StartSession.php(64): Illuminate\Routing\Pipeline->Illuminate\Routing\{closure}(Object(Illuminate\Http\Request))
#28 /home/vagrant/Framgia/fbook_api/vendor/laravel/framework/src/Illuminate/Pipeline/Pipeline.php(148): Illuminate\Session\Middleware\StartSession->handle(Object(Illuminate\Http\Request), Object(Closure))
#29 /home/vagrant/Framgia/fbook_api/vendor/laravel/framework/src/Illuminate/Routing/Pipeline.php(53): Illuminate\Pipeline\Pipeline->Illuminate\Pipeline\{closure}(Object(Illuminate\Http\Request))
#30 /home/vagrant/Framgia/fbook_api/vendor/laravel/framework/src/Illuminate/Cookie/Middleware/AddQueuedCookiesToResponse.php(37): Illuminate\Routing\Pipeline->Illuminate\Routing\{closure}(Object(Illuminate\Http\Request))
#31 /home/vagrant/Framgia/fbook_api/vendor/laravel/framework/src/Illuminate/Pipeline/Pipeline.php(148): Illuminate\Cookie\Middleware\AddQueuedCookiesToResponse->handle(Object(Illuminate\Http\Request), Object(Closure))
#32 /home/vagrant/Framgia/fbook_api/vendor/laravel/framework/src/Illuminate/Routing/Pipeline.php(53): Illuminate\Pipeline\Pipeline->Illuminate\Pipeline\{closure}(Object(Illuminate\Http\Request))
#33 /home/vagrant/Framgia/fbook_api/vendor/laravel/framework/src/Illuminate/Cookie/Middleware/EncryptCookies.php(59): Illuminate\Routing\Pipeline->Illuminate\Routing\{closure}(Object(Illuminate\Http\Request))
#34 /home/vagrant/Framgia/fbook_api/vendor/laravel/framework/src/Illuminate/Pipeline/Pipeline.php(148): Illuminate\Cookie\Middleware\EncryptCookies->handle(Object(Illuminate\Http\Request), Object(Closure))
#35 /home/vagrant/Framgia/fbook_api/vendor/laravel/framework/src/Illuminate/Routing/Pipeline.php(53): Illuminate\Pipeline\Pipeline->Illuminate\Pipeline\{closure}(Object(Illuminate\Http\Request))
#36 /home/vagrant/Framgia/fbook_api/vendor/laravel/framework/src/Illuminate/Pipeline/Pipeline.php(102): Illuminate\Routing\Pipeline->Illuminate\Routing\{closure}(Object(Illuminate\Http\Request))
#37 /home/vagrant/Framgia/fbook_api/vendor/laravel/framework/src/Illuminate/Routing/Router.php(561): Illuminate\Pipeline\Pipeline->then(Object(Closure))
#38 /home/vagrant/Framgia/fbook_api/vendor/laravel/framework/src/Illuminate/Routing/Router.php(520): Illuminate\Routing\Router->runRouteWithinStack(Object(Illuminate\Routing\Route), Object(Illuminate\Http\Request))
#39 /home/vagrant/Framgia/fbook_api/vendor/laravel/framework/src/Illuminate/Routing/Router.php(498): Illuminate\Routing\Router->dispatchToRoute(Object(Illuminate\Http\Request))
#40 /home/vagrant/Framgia/fbook_api/vendor/laravel/framework/src/Illuminate/Foundation/Http/Kernel.php(174): Illuminate\Routing\Router->dispatch(Object(Illuminate\Http\Request))
#41 /home/vagrant/Framgia/fbook_api/vendor/laravel/framework/src/Illuminate/Routing/Pipeline.php(30): Illuminate\Foundation\Http\Kernel->Illuminate\Foundation\Http\{closure}(Object(Illuminate\Http\Request))
#42 /home/vagrant/Framgia/fbook_api/vendor/barryvdh/laravel-debugbar/src/Middleware/Debugbar.php(51): Illuminate\Routing\Pipeline->Illuminate\Routing\{closure}(Object(Illuminate\Http\Request))
#43 /home/vagrant/Framgia/fbook_api/vendor/laravel/framework/src/Illuminate/Pipeline/Pipeline.php(148): Barryvdh\Debugbar\Middleware\Debugbar->handle(Object(Illuminate\Http\Request), Object(Closure))
#44 /home/vagrant/Framgia/fbook_api/vendor/laravel/framework/src/Illuminate/Routing/Pipeline.php(53): Illuminate\Pipeline\Pipeline->Illuminate\Pipeline\{closure}(Object(Illuminate\Http\Request))
#45 /home/vagrant/Framgia/fbook_api/vendor/laravel/framework/src/Illuminate/Foundation/Http/Middleware/TransformsRequest.php(30): Illuminate\Routing\Pipeline->Illuminate\Routing\{closure}(Object(Illuminate\Http\Request))
#46 /home/vagrant/Framgia/fbook_api/vendor/laravel/framework/src/Illuminate/Pipeline/Pipeline.php(148): Illuminate\Foundation\Http\Middleware\TransformsRequest->handle(Object(Illuminate\Http\Request), Object(Closure))
#47 /home/vagrant/Framgia/fbook_api/vendor/laravel/framework/src/Illuminate/Routing/Pipeline.php(53): Illuminate\Pipeline\Pipeline->Illuminate\Pipeline\{closure}(Object(Illuminate\Http\Request))
#48 /home/vagrant/Framgia/fbook_api/vendor/laravel/framework/src/Illuminate/Foundation/Http/Middleware/TransformsRequest.php(30): Illuminate\Routing\Pipeline->Illuminate\Routing\{closure}(Object(Illuminate\Http\Request))
#49 /home/vagrant/Framgia/fbook_api/vendor/laravel/framework/src/Illuminate/Pipeline/Pipeline.php(148): Illuminate\Foundation\Http\Middleware\TransformsRequest->handle(Object(Illuminate\Http\Request), Object(Closure))
#50 /home/vagrant/Framgia/fbook_api/vendor/laravel/framework/src/Illuminate/Routing/Pipeline.php(53): Illuminate\Pipeline\Pipeline->Illuminate\Pipeline\{closure}(Object(Illuminate\Http\Request))
#51 /home/vagrant/Framgia/fbook_api/vendor/laravel/framework/src/Illuminate/Foundation/Http/Middleware/ValidatePostSize.php(27): Illuminate\Routing\Pipeline->Illuminate\Routing\{closure}(Object(Illuminate\Http\Request))
#52 /home/vagrant/Framgia/fbook_api/vendor/laravel/framework/src/Illuminate/Pipeline/Pipeline.php(148): Illuminate\Foundation\Http\Middleware\ValidatePostSize->handle(Object(Illuminate\Http\Request), Object(Closure))
#53 /home/vagrant/Framgia/fbook_api/vendor/laravel/framework/src/Illuminate/Routing/Pipeline.php(53): Illuminate\Pipeline\Pipeline->Illuminate\Pipeline\{closure}(Object(Illuminate\Http\Request))
#54 /home/vagrant/Framgia/fbook_api/vendor/laravel/framework/src/Illuminate/Foundation/Http/Middleware/CheckForMaintenanceMode.php(46): Illuminate\Routing\Pipeline->Illuminate\Routing\{closure}(Object(Illuminate\Http\Request))
#55 /home/vagrant/Framgia/fbook_api/vendor/laravel/framework/src/Illuminate/Pipeline/Pipeline.php(148): Illuminate\Foundation\Http\Middleware\CheckForMaintenanceMode->handle(Object(Illuminate\Http\Request), Object(Closure))
#56 /home/vagrant/Framgia/fbook_api/vendor/laravel/framework/src/Illuminate/Routing/Pipeline.php(53): Illuminate\Pipeline\Pipeline->Illuminate\Pipeline\{closure}(Object(Illuminate\Http\Request))
#57 /home/vagrant/Framgia/fbook_api/vendor/laravel/framework/src/Illuminate/Pipeline/Pipeline.php(102): Illuminate\Routing\Pipeline->Illuminate\Routing\{closure}(Object(Illuminate\Http\Request))
#58 /home/vagrant/Framgia/fbook_api/vendor/laravel/framework/src/Illuminate/Foundation/Http/Kernel.php(149): Illuminate\Pipeline\Pipeline->then(Object(Closure))
#59 /home/vagrant/Framgia/fbook_api/vendor/laravel/framework/src/Illuminate/Foundation/Http/Kernel.php(116): Illuminate\Foundation\Http\Kernel->sendRequestThroughRouter(Object(Illuminate\Http\Request))
#60 /home/vagrant/Framgia/fbook_api/public/index.php(53): Illuminate\Foundation\Http\Kernel->handle(Object(Illuminate\Http\Request))
#61 {main}  
[2017-05-17 02:20:26] local.ERROR: ErrorException: file_put_contents(/home/vagrant/Framgia/fbook_api/storage/framework/sessions/UXIftpKKqcqCvMoByGvVpTjGEKwAGQQ3i0R9doqy): failed to open stream: No such file or directory in /home/vagrant/Framgia/fbook_api/vendor/laravel/framework/src/Illuminate/Filesystem/Filesystem.php:111
Stack trace:
#0 [internal function]: Illuminate\Foundation\Bootstrap\HandleExceptions->handleError(2, 'file_put_conten...', '/home/vagrant/F...', 111, Array)
#1 /home/vagrant/Framgia/fbook_api/vendor/laravel/framework/src/Illuminate/Filesystem/Filesystem.php(111): file_put_contents('/home/vagrant/F...', 'a:4:{s:6:"_toke...', 2)
#2 /home/vagrant/Framgia/fbook_api/vendor/laravel/framework/src/Illuminate/Session/FileSessionHandler.php(83): Illuminate\Filesystem\Filesystem->put('/home/vagrant/F...', 'a:4:{s:6:"_toke...', true)
#3 /home/vagrant/Framgia/fbook_api/vendor/laravel/framework/src/Illuminate/Session/Store.php(128): Illuminate\Session\FileSessionHandler->write('UXIftpKKqcqCvMo...', 'a:4:{s:6:"_toke...')
#4 /home/vagrant/Framgia/fbook_api/vendor/laravel/framework/src/Illuminate/Session/Middleware/StartSession.php(88): Illuminate\Session\Store->save()
#5 /home/vagrant/Framgia/fbook_api/vendor/laravel/framework/src/Illuminate/Foundation/Http/Kernel.php(216): Illuminate\Session\Middleware\StartSession->terminate(Object(Illuminate\Http\Request), Object(Illuminate\Http\Response))
#6 /home/vagrant/Framgia/fbook_api/vendor/laravel/framework/src/Illuminate/Foundation/Http/Kernel.php(187): Illuminate\Foundation\Http\Kernel->terminateMiddleware(Object(Illuminate\Http\Request), Object(Illuminate\Http\Response))
#7 /home/vagrant/Framgia/fbook_api/public/index.php(58): Illuminate\Foundation\Http\Kernel->terminate(Object(Illuminate\Http\Request), Object(Illuminate\Http\Response))
#8 {main}  
[2017-05-17 02:22:23] local.ERROR: Symfony\Component\Console\Exception\CommandNotFoundException: Command "passport" is not defined.

Did you mean one of these?
    passport:install
    passport:client
    passport:keys in /home/vagrant/Framgia/fbook_api/vendor/symfony/console/Application.php:556
Stack trace:
#0 /home/vagrant/Framgia/fbook_api/vendor/symfony/console/Application.php(197): Symfony\Component\Console\Application->find('passport')
#1 /home/vagrant/Framgia/fbook_api/vendor/symfony/console/Application.php(124): Symfony\Component\Console\Application->doRun(Object(Symfony\Component\Console\Input\ArgvInput), Object(Symfony\Component\Console\Output\ConsoleOutput))
#2 /home/vagrant/Framgia/fbook_api/vendor/laravel/framework/src/Illuminate/Foundation/Console/Kernel.php(122): Symfony\Component\Console\Application->run(Object(Symfony\Component\Console\Input\ArgvInput), Object(Symfony\Component\Console\Output\ConsoleOutput))
#3 /home/vagrant/Framgia/fbook_api/artisan(35): Illuminate\Foundation\Console\Kernel->handle(Object(Symfony\Component\Console\Input\ArgvInput), Object(Symfony\Component\Console\Output\ConsoleOutput))
#4 {main}  
[2017-05-17 02:29:31] local.ERROR: Symfony\Component\Console\Exception\CommandNotFoundException: There are no commands defined in the "cofnig" namespace.

Did you mean this?
    config in /home/vagrant/Framgia/fbook_api/vendor/symfony/console/Application.php:510
Stack trace:
#0 /home/vagrant/Framgia/fbook_api/vendor/symfony/console/Application.php(542): Symfony\Component\Console\Application->findNamespace('cofnig')
#1 /home/vagrant/Framgia/fbook_api/vendor/symfony/console/Application.php(197): Symfony\Component\Console\Application->find('cofnig:cache')
#2 /home/vagrant/Framgia/fbook_api/vendor/symfony/console/Application.php(124): Symfony\Component\Console\Application->doRun(Object(Symfony\Component\Console\Input\ArgvInput), Object(Symfony\Component\Console\Output\ConsoleOutput))
#3 /home/vagrant/Framgia/fbook_api/vendor/laravel/framework/src/Illuminate/Foundation/Console/Kernel.php(122): Symfony\Component\Console\Application->run(Object(Symfony\Component\Console\Input\ArgvInput), Object(Symfony\Component\Console\Output\ConsoleOutput))
#4 /home/vagrant/Framgia/fbook_api/artisan(35): Illuminate\Foundation\Console\Kernel->handle(Object(Symfony\Component\Console\Input\ArgvInput), Object(Symfony\Component\Console\Output\ConsoleOutput))
#5 {main}  
